c:\users\pc\source\repos\game1\game1\x64\debug\vc143.pdb
c:\users\pc\source\repos\game1\game1\x64\debug\vc143.idb
c:\users\pc\source\repos\game1\game1\x64\debug\timer.obj
c:\users\pc\source\repos\game1\game1\x64\debug\threats.obj
c:\users\pc\source\repos\game1\game1\x64\debug\text.obj
c:\users\pc\source\repos\game1\game1\x64\debug\stdafx.obj
c:\users\pc\source\repos\game1\game1\x64\debug\playerpower.obj
c:\users\pc\source\repos\game1\game1\x64\debug\menu.obj
c:\users\pc\source\repos\game1\game1\x64\debug\mainobject.obj
c:\users\pc\source\repos\game1\game1\x64\debug\main.obj
c:\users\pc\source\repos\game1\game1\x64\debug\global.obj
c:\users\pc\source\repos\game1\game1\x64\debug\geometric.obj
c:\users\pc\source\repos\game1\game1\x64\debug\game_map.obj
c:\users\pc\source\repos\game1\game1\x64\debug\explosion.obj
c:\users\pc\source\repos\game1\game1\x64\debug\commonfunc.obj
c:\users\pc\source\repos\game1\game1\x64\debug\bullet.obj
c:\users\pc\source\repos\game1\game1\x64\debug\baseobject.obj
c:\users\pc\source\repos\game1\x64\debug\game1.pdb
c:\users\pc\source\repos\game1\game1\x64\debug\game1.tlog\cl.command.1.tlog
c:\users\pc\source\repos\game1\game1\x64\debug\game1.tlog\cl.items.tlog
c:\users\pc\source\repos\game1\game1\x64\debug\game1.tlog\cl.read.1.tlog
c:\users\pc\source\repos\game1\game1\x64\debug\game1.tlog\cl.write.1.tlog
c:\users\pc\source\repos\game1\game1\x64\debug\game1.tlog\link.9628-cvtres.read.1.tlog
c:\users\pc\source\repos\game1\game1\x64\debug\game1.tlog\link.9628-cvtres.write.1.tlog
c:\users\pc\source\repos\game1\game1\x64\debug\game1.tlog\link.9628-rc.read.1.tlog
c:\users\pc\source\repos\game1\game1\x64\debug\game1.tlog\link.9628-rc.write.1.tlog
c:\users\pc\source\repos\game1\game1\x64\debug\game1.tlog\link.9628.read.1.tlog
c:\users\pc\source\repos\game1\game1\x64\debug\game1.tlog\link.9628.read.3.tlog
c:\users\pc\source\repos\game1\game1\x64\debug\game1.tlog\link.9628.write.1.tlog
c:\users\pc\source\repos\game1\game1\x64\debug\game1.tlog\link.command.1.tlog
c:\users\pc\source\repos\game1\game1\x64\debug\game1.tlog\link.read.1.tlog
c:\users\pc\source\repos\game1\game1\x64\debug\game1.tlog\link.write.1.tlog
